[20-10-2017 23:20:31] PayPal\Core\PayPalHttpConnection : INFO: POST https://api.sandbox.paypal.com/v1/oauth2/token
[20-10-2017 23:20:35] PayPal\Core\PayPalHttpConnection : DEBUG: Request Headers 	: POST /v1/oauth2/token HTTP/1.1, Host: api.sandbox.paypal.com, User-Agent: PayPalSDK/PayPal-PHP-SDK 1.12.0 (platform-ver=7.1.4-1+deb.sury.org~xenial+1; bit=64; os=Linux_4.10.0-37-generic; machine=x86_64; crypto-lib-ver=1.0.2k; curl=7.47.0), Authorization: Basic QVNpb2E3c2YyaDhBeTVVMXVyVWRNdGkzYVZGVGpIOEEtaFA2ZWpvZ2lidVc4QkVlbGlrX1V3X3NGcW9BbDJmVHkwOWx5MUZNYXRSU1ZYejk6RUlNaXB6eWItbzk3ajNIRlNGVlRnZGtnR0JDSHBBQ3FxVEw0LUZ2a0RjcDFTaHF0UWtxdGJLSWZhczVRRmtQYVRMUEl5YUZ0eGc3cWdTdXk=, Accept: */*, Content-Length: 29, Content-Type: application/x-www-form-urlencoded, , 
[20-10-2017 23:20:35] PayPal\Core\PayPalHttpConnection : DEBUG: Request Data		: grant_type=client_credentials
--------------------------------------------------------------------------------------------------------------------------------

[20-10-2017 23:20:35] PayPal\Core\PayPalHttpConnection : INFO: Response Status 	: 200
[20-10-2017 23:20:35] PayPal\Core\PayPalHttpConnection : DEBUG: Response Headers	: Date: Fri, 20 Oct 2017 23:20:33 GMT, Server: Apache, paypal-debug-id: 9e727e601c360, X-PAYPAL-TOKEN-SERVICE: IAAS, HTTP_X_PP_AZ_LOCATOR: sandbox.slc, Paypal-Debug-Id: 9e727e601c360, Set-Cookie: X-PP-SILOVER=; Expires=Thu, 01 Jan 1970 00:00:01 GMT, Vary: Authorization, Content-Length: 550, Connection: close, Content-Type: application/json, 
[20-10-2017 23:20:35] PayPal\Core\PayPalHttpConnection : DEBUG: Response Data 	: {"scope":"https://uri.paypal.com/services/subscriptions https://api.paypal.com/v1/payments/.* https://api.paypal.com/v1/vault/credit-card https://uri.paypal.com/services/applications/webhooks openid https://uri.paypal.com/payments/payouts https://api.paypal.com/v1/vault/credit-card/.*","nonce":"2017-10-20T23:20:33ZdHsGnXlBnP1IRF7rxV92joiaP0m8xO1rV08r3TmpIDQ","access_token":"A21AAEwwi4focuPGoibdpU5wKMlR8CVX2vw8-Ii58U7S6pZYyCIZ5jec5gS8H618pVMSID7IsQYcCbBIUoT_IgJ5IdWZxh1EA","token_type":"Bearer","app_id":"APP-80W284485P519543T","expires_in":32398}

================================================================================================================================

[20-10-2017 23:20:35] PayPal\Core\PayPalHttpConnection : INFO: POST https://api.sandbox.paypal.com/v1/payments/payouts?sync_mode=true
[20-10-2017 23:20:54] PayPal\Core\PayPalHttpConnection : DEBUG: Request Headers 	: POST /v1/payments/payouts?sync_mode=true HTTP/1.1, Host: api.sandbox.paypal.com, Accept: */*, Content-Type: application/json, User-Agent: PayPalSDK/PayPal-PHP-SDK 1.12.0 (platform-ver=7.1.4-1+deb.sury.org~xenial+1; bit=64; os=Linux_4.10.0-37-generic; machine=x86_64; crypto-lib-ver=1.0.2k; curl=7.47.0), Authorization: Bearer A21AAEwwi4focuPGoibdpU5wKMlR8CVX2vw8-Ii58U7S6pZYyCIZ5jec5gS8H618pVMSID7IsQYcCbBIUoT_IgJ5IdWZxh1EA, Content-Length: 292, , 
[20-10-2017 23:20:54] PayPal\Core\PayPalHttpConnection : DEBUG: Request Data		: {"sender_batch_header":{"sender_batch_id":"59ea84bfee87a","email_subject":"Nuevo pago de Evento Original"},"items":[{"recipient_type":"Email","note":"Nuevo pago mensual","receiver":"emiliano.rodriguez26@gmail.com","sender_item_id":"59ea84bfeeb54","amount":{"value":"1.00","currency":"EUR"}}]}
--------------------------------------------------------------------------------------------------------------------------------

[20-10-2017 23:20:54] PayPal\Core\PayPalHttpConnection : INFO: Response Status 	: 500
[20-10-2017 23:20:54] PayPal\Core\PayPalHttpConnection : DEBUG: Response Headers	: Date: Fri, 20 Oct 2017 23:20:36 GMT, Server: Apache, paypal-debug-id: b569fc84a448b, Content-Language: *, Connection: close, HTTP_X_PP_AZ_LOCATOR: sandbox.slc, Paypal-Debug-Id: b569fc84a448b, Set-Cookie: X-PP-SILOVER=; Expires=Thu, 01 Jan 1970 00:00:01 GMT, Vary: Authorization, Content-Length: 200, Content-Type: application/json, 
[20-10-2017 23:20:54] PayPal\Core\PayPalHttpConnection : ERROR: Got Http response code 500 when accessing https://api.sandbox.paypal.com/v1/payments/payouts?sync_mode=true. {"name":"NON_HOLDING_CURRENCY","message":"An internal service error has occurred.","debug_id":"b569fc84a448b","information_link":"https://developer.paypal.com/docs/api/payments.payouts-batch/#errors"}
[20-10-2017 23:20:54] PayPal\Core\PayPalHttpConnection : DEBUG: 

================================================================================================================================

[20-10-2017 23:32:20] PayPal\Core\PayPalHttpConnection : INFO: POST https://api.sandbox.paypal.com/v1/oauth2/token
[20-10-2017 23:32:21] PayPal\Core\PayPalHttpConnection : DEBUG: Request Headers 	: POST /v1/oauth2/token HTTP/1.1, Host: api.sandbox.paypal.com, User-Agent: PayPalSDK/PayPal-PHP-SDK 1.12.0 (platform-ver=7.1.4-1+deb.sury.org~xenial+1; bit=64; os=Linux_4.10.0-37-generic; machine=x86_64; crypto-lib-ver=1.0.2k; curl=7.47.0), Authorization: Basic QVNpb2E3c2YyaDhBeTVVMXVyVWRNdGkzYVZGVGpIOEEtaFA2ZWpvZ2lidVc4QkVlbGlrX1V3X3NGcW9BbDJmVHkwOWx5MUZNYXRSU1ZYejk6RUlNaXB6eWItbzk3ajNIRlNGVlRnZGtnR0JDSHBBQ3FxVEw0LUZ2a0RjcDFTaHF0UWtxdGJLSWZhczVRRmtQYVRMUEl5YUZ0eGc3cWdTdXk=, Accept: */*, Content-Length: 29, Content-Type: application/x-www-form-urlencoded, , 
[20-10-2017 23:32:21] PayPal\Core\PayPalHttpConnection : DEBUG: Request Data		: grant_type=client_credentials
--------------------------------------------------------------------------------------------------------------------------------

[20-10-2017 23:32:21] PayPal\Core\PayPalHttpConnection : INFO: Response Status 	: 200
[20-10-2017 23:32:21] PayPal\Core\PayPalHttpConnection : DEBUG: Response Headers	: Date: Fri, 20 Oct 2017 23:32:21 GMT, Server: Apache, paypal-debug-id: c03dab51327ec, X-PAYPAL-TOKEN-SERVICE: IAAS, HTTP_X_PP_AZ_LOCATOR: sandbox.slc, Paypal-Debug-Id: c03dab51327ec, Set-Cookie: X-PP-SILOVER=; Expires=Thu, 01 Jan 1970 00:00:01 GMT, Vary: Authorization, Content-Length: 550, Connection: close, Content-Type: application/json, 
[20-10-2017 23:32:21] PayPal\Core\PayPalHttpConnection : DEBUG: Response Data 	: {"scope":"https://uri.paypal.com/services/subscriptions https://api.paypal.com/v1/payments/.* https://api.paypal.com/v1/vault/credit-card https://uri.paypal.com/services/applications/webhooks openid https://uri.paypal.com/payments/payouts https://api.paypal.com/v1/vault/credit-card/.*","nonce":"2017-10-20T23:20:33ZdHsGnXlBnP1IRF7rxV92joiaP0m8xO1rV08r3TmpIDQ","access_token":"A21AAEwwi4focuPGoibdpU5wKMlR8CVX2vw8-Ii58U7S6pZYyCIZ5jec5gS8H618pVMSID7IsQYcCbBIUoT_IgJ5IdWZxh1EA","token_type":"Bearer","app_id":"APP-80W284485P519543T","expires_in":31692}

================================================================================================================================

[20-10-2017 23:32:21] PayPal\Core\PayPalHttpConnection : INFO: POST https://api.sandbox.paypal.com/v1/payments/payouts?sync_mode=true
[20-10-2017 23:32:22] PayPal\Core\PayPalHttpConnection : DEBUG: Request Headers 	: POST /v1/payments/payouts?sync_mode=true HTTP/1.1, Host: api.sandbox.paypal.com, Accept: */*, Content-Type: application/json, User-Agent: PayPalSDK/PayPal-PHP-SDK 1.12.0 (platform-ver=7.1.4-1+deb.sury.org~xenial+1; bit=64; os=Linux_4.10.0-37-generic; machine=x86_64; crypto-lib-ver=1.0.2k; curl=7.47.0), Authorization: Bearer A21AAEwwi4focuPGoibdpU5wKMlR8CVX2vw8-Ii58U7S6pZYyCIZ5jec5gS8H618pVMSID7IsQYcCbBIUoT_IgJ5IdWZxh1EA, Content-Length: 292, , 
[20-10-2017 23:32:22] PayPal\Core\PayPalHttpConnection : DEBUG: Request Data		: {"sender_batch_header":{"sender_batch_id":"59ea878414780","email_subject":"Nuevo pago de Evento Original"},"items":[{"recipient_type":"Email","note":"Nuevo pago mensual","receiver":"emiliano.rodriguez26@gmail.com","sender_item_id":"59ea878414a53","amount":{"value":"1.00","currency":"EUR"}}]}
--------------------------------------------------------------------------------------------------------------------------------

[20-10-2017 23:32:22] PayPal\Core\PayPalHttpConnection : INFO: Response Status 	: 500
[20-10-2017 23:32:22] PayPal\Core\PayPalHttpConnection : DEBUG: Response Headers	: Date: Fri, 20 Oct 2017 23:32:22 GMT, Server: Apache, paypal-debug-id: dd1d62233a903, Content-Language: *, Connection: close, HTTP_X_PP_AZ_LOCATOR: sandbox.slc, Paypal-Debug-Id: dd1d62233a903, Set-Cookie: X-PP-SILOVER=; Expires=Thu, 01 Jan 1970 00:00:01 GMT, Vary: Authorization, Content-Length: 200, Content-Type: application/json, 
[20-10-2017 23:32:22] PayPal\Core\PayPalHttpConnection : ERROR: Got Http response code 500 when accessing https://api.sandbox.paypal.com/v1/payments/payouts?sync_mode=true. {"name":"NON_HOLDING_CURRENCY","message":"An internal service error has occurred.","debug_id":"dd1d62233a903","information_link":"https://developer.paypal.com/docs/api/payments.payouts-batch/#errors"}
[20-10-2017 23:32:22] PayPal\Core\PayPalHttpConnection : DEBUG: 

================================================================================================================================

[20-10-2017 23:33:31] PayPal\Core\PayPalHttpConnection : INFO: POST https://api.sandbox.paypal.com/v1/oauth2/token
[20-10-2017 23:33:33] PayPal\Core\PayPalHttpConnection : DEBUG: Request Headers 	: POST /v1/oauth2/token HTTP/1.1, Host: api.sandbox.paypal.com, User-Agent: PayPalSDK/PayPal-PHP-SDK 1.12.0 (platform-ver=7.1.4-1+deb.sury.org~xenial+1; bit=64; os=Linux_4.10.0-37-generic; machine=x86_64; crypto-lib-ver=1.0.2k; curl=7.47.0), Authorization: Basic QVNpb2E3c2YyaDhBeTVVMXVyVWRNdGkzYVZGVGpIOEEtaFA2ZWpvZ2lidVc4QkVlbGlrX1V3X3NGcW9BbDJmVHkwOWx5MUZNYXRSU1ZYejk6RUlNaXB6eWItbzk3ajNIRlNGVlRnZGtnR0JDSHBBQ3FxVEw0LUZ2a0RjcDFTaHF0UWtxdGJLSWZhczVRRmtQYVRMUEl5YUZ0eGc3cWdTdXk=, Accept: */*, Content-Length: 29, Content-Type: application/x-www-form-urlencoded, , 
[20-10-2017 23:33:33] PayPal\Core\PayPalHttpConnection : DEBUG: Request Data		: grant_type=client_credentials
--------------------------------------------------------------------------------------------------------------------------------

[20-10-2017 23:33:33] PayPal\Core\PayPalHttpConnection : INFO: Response Status 	: 200
[20-10-2017 23:33:33] PayPal\Core\PayPalHttpConnection : DEBUG: Response Headers	: Date: Fri, 20 Oct 2017 23:33:32 GMT, Server: Apache, paypal-debug-id: 66c34f65ec368, X-PAYPAL-TOKEN-SERVICE: IAAS, HTTP_X_PP_AZ_LOCATOR: sandbox.slc, Paypal-Debug-Id: 66c34f65ec368, Set-Cookie: X-PP-SILOVER=; Expires=Thu, 01 Jan 1970 00:00:01 GMT, Vary: Authorization, Content-Length: 550, Connection: close, Content-Type: application/json, 
[20-10-2017 23:33:33] PayPal\Core\PayPalHttpConnection : DEBUG: Response Data 	: {"scope":"https://uri.paypal.com/services/subscriptions https://api.paypal.com/v1/payments/.* https://api.paypal.com/v1/vault/credit-card https://uri.paypal.com/services/applications/webhooks openid https://uri.paypal.com/payments/payouts https://api.paypal.com/v1/vault/credit-card/.*","nonce":"2017-10-20T23:20:33ZdHsGnXlBnP1IRF7rxV92joiaP0m8xO1rV08r3TmpIDQ","access_token":"A21AAEwwi4focuPGoibdpU5wKMlR8CVX2vw8-Ii58U7S6pZYyCIZ5jec5gS8H618pVMSID7IsQYcCbBIUoT_IgJ5IdWZxh1EA","token_type":"Bearer","app_id":"APP-80W284485P519543T","expires_in":31620}

================================================================================================================================

[20-10-2017 23:33:33] PayPal\Core\PayPalHttpConnection : INFO: POST https://api.sandbox.paypal.com/v1/payments/payouts?sync_mode=true
[20-10-2017 23:33:34] PayPal\Core\PayPalHttpConnection : DEBUG: Request Headers 	: POST /v1/payments/payouts?sync_mode=true HTTP/1.1, Host: api.sandbox.paypal.com, Accept: */*, Content-Type: application/json, User-Agent: PayPalSDK/PayPal-PHP-SDK 1.12.0 (platform-ver=7.1.4-1+deb.sury.org~xenial+1; bit=64; os=Linux_4.10.0-37-generic; machine=x86_64; crypto-lib-ver=1.0.2k; curl=7.47.0), Authorization: Bearer A21AAEwwi4focuPGoibdpU5wKMlR8CVX2vw8-Ii58U7S6pZYyCIZ5jec5gS8H618pVMSID7IsQYcCbBIUoT_IgJ5IdWZxh1EA, Content-Length: 292, , 
[20-10-2017 23:33:34] PayPal\Core\PayPalHttpConnection : DEBUG: Request Data		: {"sender_batch_header":{"sender_batch_id":"59ea87cb9c402","email_subject":"Nuevo pago de Evento Original"},"items":[{"recipient_type":"Email","note":"Nuevo pago mensual","receiver":"emiliano.rodriguez26@gmail.com","sender_item_id":"59ea87cb9c6e6","amount":{"value":"1.00","currency":"EUR"}}]}
--------------------------------------------------------------------------------------------------------------------------------

[20-10-2017 23:33:34] PayPal\Core\PayPalHttpConnection : INFO: Response Status 	: 500
[20-10-2017 23:33:34] PayPal\Core\PayPalHttpConnection : DEBUG: Response Headers	: Date: Fri, 20 Oct 2017 23:33:33 GMT, Server: Apache, paypal-debug-id: f026d544f40a4, Content-Language: *, Connection: close, HTTP_X_PP_AZ_LOCATOR: sandbox.slc, Paypal-Debug-Id: f026d544f40a4, Set-Cookie: X-PP-SILOVER=; Expires=Thu, 01 Jan 1970 00:00:01 GMT, Vary: Authorization, Content-Length: 200, Content-Type: application/json, 
[20-10-2017 23:33:34] PayPal\Core\PayPalHttpConnection : ERROR: Got Http response code 500 when accessing https://api.sandbox.paypal.com/v1/payments/payouts?sync_mode=true. {"name":"NON_HOLDING_CURRENCY","message":"An internal service error has occurred.","debug_id":"f026d544f40a4","information_link":"https://developer.paypal.com/docs/api/payments.payouts-batch/#errors"}
[20-10-2017 23:33:34] PayPal\Core\PayPalHttpConnection : DEBUG: 

================================================================================================================================

[20-10-2017 23:36:36] PayPal\Core\PayPalHttpConnection : INFO: POST https://api.sandbox.paypal.com/v1/oauth2/token
[20-10-2017 23:36:38] PayPal\Core\PayPalHttpConnection : DEBUG: Request Headers 	: POST /v1/oauth2/token HTTP/1.1, Host: api.sandbox.paypal.com, User-Agent: PayPalSDK/PayPal-PHP-SDK 1.12.0 (platform-ver=7.1.4-1+deb.sury.org~xenial+1; bit=64; os=Linux_4.10.0-37-generic; machine=x86_64; crypto-lib-ver=1.0.2k; curl=7.47.0), Authorization: Basic QVNpb2E3c2YyaDhBeTVVMXVyVWRNdGkzYVZGVGpIOEEtaFA2ZWpvZ2lidVc4QkVlbGlrX1V3X3NGcW9BbDJmVHkwOWx5MUZNYXRSU1ZYejk6RUlNaXB6eWItbzk3ajNIRlNGVlRnZGtnR0JDSHBBQ3FxVEw0LUZ2a0RjcDFTaHF0UWtxdGJLSWZhczVRRmtQYVRMUEl5YUZ0eGc3cWdTdXk=, Accept: */*, Content-Length: 29, Content-Type: application/x-www-form-urlencoded, , 
[20-10-2017 23:36:38] PayPal\Core\PayPalHttpConnection : DEBUG: Request Data		: grant_type=client_credentials
--------------------------------------------------------------------------------------------------------------------------------

[20-10-2017 23:36:38] PayPal\Core\PayPalHttpConnection : INFO: Response Status 	: 200
[20-10-2017 23:36:38] PayPal\Core\PayPalHttpConnection : DEBUG: Response Headers	: Date: Fri, 20 Oct 2017 23:36:38 GMT, Server: Apache, paypal-debug-id: 57585d3d197e, X-PAYPAL-TOKEN-SERVICE: IAAS, HTTP_X_PP_AZ_LOCATOR: sandbox.slc, Paypal-Debug-Id: 57585d3d197e, Set-Cookie: X-PP-SILOVER=; Expires=Thu, 01 Jan 1970 00:00:01 GMT, Vary: Authorization, Content-Length: 550, Connection: close, Content-Type: application/json, 
[20-10-2017 23:36:38] PayPal\Core\PayPalHttpConnection : DEBUG: Response Data 	: {"scope":"https://uri.paypal.com/services/subscriptions https://api.paypal.com/v1/payments/.* https://api.paypal.com/v1/vault/credit-card https://uri.paypal.com/services/applications/webhooks openid https://uri.paypal.com/payments/payouts https://api.paypal.com/v1/vault/credit-card/.*","nonce":"2017-10-20T23:20:33ZdHsGnXlBnP1IRF7rxV92joiaP0m8xO1rV08r3TmpIDQ","access_token":"A21AAEwwi4focuPGoibdpU5wKMlR8CVX2vw8-Ii58U7S6pZYyCIZ5jec5gS8H618pVMSID7IsQYcCbBIUoT_IgJ5IdWZxh1EA","token_type":"Bearer","app_id":"APP-80W284485P519543T","expires_in":31435}

================================================================================================================================

[20-10-2017 23:36:38] PayPal\Core\PayPalHttpConnection : INFO: POST https://api.sandbox.paypal.com/v1/payments/payouts?sync_mode=true
[20-10-2017 23:36:39] PayPal\Core\PayPalHttpConnection : DEBUG: Request Headers 	: POST /v1/payments/payouts?sync_mode=true HTTP/1.1, Host: api.sandbox.paypal.com, Accept: */*, Content-Type: application/json, User-Agent: PayPalSDK/PayPal-PHP-SDK 1.12.0 (platform-ver=7.1.4-1+deb.sury.org~xenial+1; bit=64; os=Linux_4.10.0-37-generic; machine=x86_64; crypto-lib-ver=1.0.2k; curl=7.47.0), Authorization: Bearer A21AAEwwi4focuPGoibdpU5wKMlR8CVX2vw8-Ii58U7S6pZYyCIZ5jec5gS8H618pVMSID7IsQYcCbBIUoT_IgJ5IdWZxh1EA, Content-Length: 292, , 
[20-10-2017 23:36:39] PayPal\Core\PayPalHttpConnection : DEBUG: Request Data		: {"sender_batch_header":{"sender_batch_id":"59ea88849c7b1","email_subject":"Nuevo pago de Evento Original"},"items":[{"recipient_type":"Email","note":"Nuevo pago mensual","receiver":"emiliano.rodriguez26@gmail.com","sender_item_id":"59ea88849ca4e","amount":{"value":"1.50","currency":"EUR"}}]}
--------------------------------------------------------------------------------------------------------------------------------

[20-10-2017 23:36:39] PayPal\Core\PayPalHttpConnection : INFO: Response Status 	: 500
[20-10-2017 23:36:39] PayPal\Core\PayPalHttpConnection : DEBUG: Response Headers	: Date: Fri, 20 Oct 2017 23:36:39 GMT, Server: Apache, paypal-debug-id: f0dae146dddb, Content-Language: *, Connection: close, HTTP_X_PP_AZ_LOCATOR: sandbox.slc, Paypal-Debug-Id: f0dae146dddb, Set-Cookie: X-PP-SILOVER=; Expires=Thu, 01 Jan 1970 00:00:01 GMT, Vary: Authorization, Content-Length: 199, Content-Type: application/json, 
[20-10-2017 23:36:39] PayPal\Core\PayPalHttpConnection : ERROR: Got Http response code 500 when accessing https://api.sandbox.paypal.com/v1/payments/payouts?sync_mode=true. {"name":"NON_HOLDING_CURRENCY","message":"An internal service error has occurred.","debug_id":"f0dae146dddb","information_link":"https://developer.paypal.com/docs/api/payments.payouts-batch/#errors"}
[20-10-2017 23:36:39] PayPal\Core\PayPalHttpConnection : DEBUG: 

================================================================================================================================

[23-10-2017 19:30:36] PayPal\Core\PayPalHttpConnection : INFO: POST https://api.sandbox.paypal.com/v1/oauth2/token
[23-10-2017 19:30:40] PayPal\Core\PayPalHttpConnection : DEBUG: Request Headers 	: POST /v1/oauth2/token HTTP/1.1, Host: api.sandbox.paypal.com, User-Agent: PayPalSDK/PayPal-PHP-SDK 1.12.0 (platform-ver=7.1.4-1+deb.sury.org~xenial+1; bit=64; os=Linux_4.10.0-37-generic; machine=x86_64; crypto-lib-ver=1.0.2k; curl=7.47.0), Authorization: Basic QVNpb2E3c2YyaDhBeTVVMXVyVWRNdGkzYVZGVGpIOEEtaFA2ZWpvZ2lidVc4QkVlbGlrX1V3X3NGcW9BbDJmVHkwOWx5MUZNYXRSU1ZYejk6RUlNaXB6eWItbzk3ajNIRlNGVlRnZGtnR0JDSHBBQ3FxVEw0LUZ2a0RjcDFTaHF0UWtxdGJLSWZhczVRRmtQYVRMUEl5YUZ0eGc3cWdTdXk=, Accept: */*, Content-Length: 29, Content-Type: application/x-www-form-urlencoded, , 
[23-10-2017 19:30:40] PayPal\Core\PayPalHttpConnection : DEBUG: Request Data		: grant_type=client_credentials
--------------------------------------------------------------------------------------------------------------------------------

[23-10-2017 19:30:40] PayPal\Core\PayPalHttpConnection : INFO: Response Status 	: 200
[23-10-2017 19:30:40] PayPal\Core\PayPalHttpConnection : DEBUG: Response Headers	: Date: Mon, 23 Oct 2017 19:30:38 GMT, Server: Apache, paypal-debug-id: 19c4c701e425, X-PAYPAL-TOKEN-SERVICE: IAAS, HTTP_X_PP_AZ_LOCATOR: sandbox.slc, Paypal-Debug-Id: 19c4c701e425, Set-Cookie: X-PP-SILOVER=; Expires=Thu, 01 Jan 1970 00:00:01 GMT, Vary: Authorization, Content-Length: 550, Connection: close, Content-Type: application/json, 
[23-10-2017 19:30:40] PayPal\Core\PayPalHttpConnection : DEBUG: Response Data 	: {"scope":"https://uri.paypal.com/services/subscriptions https://api.paypal.com/v1/payments/.* https://api.paypal.com/v1/vault/credit-card https://uri.paypal.com/services/applications/webhooks openid https://uri.paypal.com/payments/payouts https://api.paypal.com/v1/vault/credit-card/.*","nonce":"2017-10-23T19:30:38Z5OirwD87YkPdasVIOHP5aR2ayuQOimRQfCc0HOYXUxs","access_token":"A21AAED-fBxicw6TMZb4mLrlf6q3U9d2pmb9QHBFSQlV0bSwq3OAV23QHnZMzwVgdOaSFgNViEUdfl_T9xyaK89Xw5MzpUftQ","token_type":"Bearer","app_id":"APP-80W284485P519543T","expires_in":32398}

================================================================================================================================

[23-10-2017 19:30:40] PayPal\Core\PayPalHttpConnection : INFO: POST https://api.sandbox.paypal.com/v1/payments/payouts?sync_mode=true
[23-10-2017 19:30:41] PayPal\Core\PayPalHttpConnection : DEBUG: Request Headers 	: POST /v1/payments/payouts?sync_mode=true HTTP/1.1, Host: api.sandbox.paypal.com, Accept: */*, Content-Type: application/json, User-Agent: PayPalSDK/PayPal-PHP-SDK 1.12.0 (platform-ver=7.1.4-1+deb.sury.org~xenial+1; bit=64; os=Linux_4.10.0-37-generic; machine=x86_64; crypto-lib-ver=1.0.2k; curl=7.47.0), Authorization: Bearer A21AAED-fBxicw6TMZb4mLrlf6q3U9d2pmb9QHBFSQlV0bSwq3OAV23QHnZMzwVgdOaSFgNViEUdfl_T9xyaK89Xw5MzpUftQ, Content-Length: 292, , 
[23-10-2017 19:30:41] PayPal\Core\PayPalHttpConnection : DEBUG: Request Data		: {"sender_batch_header":{"sender_batch_id":"59ee435ce5a2d","email_subject":"Nuevo pago de Evento Original"},"items":[{"recipient_type":"Email","note":"Nuevo pago mensual","receiver":"emiliano.rodriguez26@gmail.com","sender_item_id":"59ee435ce5d9d","amount":{"value":"1.50","currency":"EUR"}}]}
--------------------------------------------------------------------------------------------------------------------------------

[23-10-2017 19:30:41] PayPal\Core\PayPalHttpConnection : INFO: Response Status 	: 500
[23-10-2017 19:30:41] PayPal\Core\PayPalHttpConnection : DEBUG: Response Headers	: Date: Mon, 23 Oct 2017 19:30:41 GMT, Server: Apache, paypal-debug-id: e7a748bc6e15c, Content-Language: *, Connection: close, HTTP_X_PP_AZ_LOCATOR: sandbox.slc, Paypal-Debug-Id: e7a748bc6e15c, Set-Cookie: X-PP-SILOVER=; Expires=Thu, 01 Jan 1970 00:00:01 GMT, Vary: Authorization, Content-Length: 200, Content-Type: application/json, 
[23-10-2017 19:30:41] PayPal\Core\PayPalHttpConnection : ERROR: Got Http response code 500 when accessing https://api.sandbox.paypal.com/v1/payments/payouts?sync_mode=true. {"name":"NON_HOLDING_CURRENCY","message":"An internal service error has occurred.","debug_id":"e7a748bc6e15c","information_link":"https://developer.paypal.com/docs/api/payments.payouts-batch/#errors"}
[23-10-2017 19:30:41] PayPal\Core\PayPalHttpConnection : DEBUG: 

================================================================================================================================

[23-10-2017 19:34:57] PayPal\Core\PayPalHttpConnection : INFO: POST https://api.sandbox.paypal.com/v1/oauth2/token
[23-10-2017 19:34:59] PayPal\Core\PayPalHttpConnection : DEBUG: Request Headers 	: POST /v1/oauth2/token HTTP/1.1, Host: api.sandbox.paypal.com, User-Agent: PayPalSDK/PayPal-PHP-SDK 1.12.0 (platform-ver=7.1.4-1+deb.sury.org~xenial+1; bit=64; os=Linux_4.10.0-37-generic; machine=x86_64; crypto-lib-ver=1.0.2k; curl=7.47.0), Authorization: Basic QVNpb2E3c2YyaDhBeTVVMXVyVWRNdGkzYVZGVGpIOEEtaFA2ZWpvZ2lidVc4QkVlbGlrX1V3X3NGcW9BbDJmVHkwOWx5MUZNYXRSU1ZYejk6RUlNaXB6eWItbzk3ajNIRlNGVlRnZGtnR0JDSHBBQ3FxVEw0LUZ2a0RjcDFTaHF0UWtxdGJLSWZhczVRRmtQYVRMUEl5YUZ0eGc3cWdTdXk=, Accept: */*, Content-Length: 29, Content-Type: application/x-www-form-urlencoded, , 
[23-10-2017 19:34:59] PayPal\Core\PayPalHttpConnection : DEBUG: Request Data		: grant_type=client_credentials
--------------------------------------------------------------------------------------------------------------------------------

[23-10-2017 19:34:59] PayPal\Core\PayPalHttpConnection : INFO: Response Status 	: 200
[23-10-2017 19:34:59] PayPal\Core\PayPalHttpConnection : DEBUG: Response Headers	: Date: Mon, 23 Oct 2017 19:34:59 GMT, Server: Apache, paypal-debug-id: 3270d3c029f41, X-PAYPAL-TOKEN-SERVICE: IAAS, HTTP_X_PP_AZ_LOCATOR: sandbox.slc, Paypal-Debug-Id: 3270d3c029f41, Set-Cookie: X-PP-SILOVER=; Expires=Thu, 01 Jan 1970 00:00:01 GMT, Vary: Authorization, Content-Length: 550, Connection: close, Content-Type: application/json, 
[23-10-2017 19:34:59] PayPal\Core\PayPalHttpConnection : DEBUG: Response Data 	: {"scope":"https://uri.paypal.com/services/subscriptions https://api.paypal.com/v1/payments/.* https://api.paypal.com/v1/vault/credit-card https://uri.paypal.com/services/applications/webhooks openid https://uri.paypal.com/payments/payouts https://api.paypal.com/v1/vault/credit-card/.*","nonce":"2017-10-23T19:30:38Z5OirwD87YkPdasVIOHP5aR2ayuQOimRQfCc0HOYXUxs","access_token":"A21AAED-fBxicw6TMZb4mLrlf6q3U9d2pmb9QHBFSQlV0bSwq3OAV23QHnZMzwVgdOaSFgNViEUdfl_T9xyaK89Xw5MzpUftQ","token_type":"Bearer","app_id":"APP-80W284485P519543T","expires_in":32139}

================================================================================================================================

[23-10-2017 19:34:59] PayPal\Core\PayPalHttpConnection : INFO: POST https://api.sandbox.paypal.com/v1/payments/payouts?sync_mode=true
[23-10-2017 19:35:00] PayPal\Core\PayPalHttpConnection : DEBUG: Request Headers 	: POST /v1/payments/payouts?sync_mode=true HTTP/1.1, Host: api.sandbox.paypal.com, Accept: */*, Content-Type: application/json, User-Agent: PayPalSDK/PayPal-PHP-SDK 1.12.0 (platform-ver=7.1.4-1+deb.sury.org~xenial+1; bit=64; os=Linux_4.10.0-37-generic; machine=x86_64; crypto-lib-ver=1.0.2k; curl=7.47.0), Authorization: Bearer A21AAED-fBxicw6TMZb4mLrlf6q3U9d2pmb9QHBFSQlV0bSwq3OAV23QHnZMzwVgdOaSFgNViEUdfl_T9xyaK89Xw5MzpUftQ, Content-Length: 294, , 
[23-10-2017 19:35:00] PayPal\Core\PayPalHttpConnection : DEBUG: Request Data		: {"sender_batch_header":{"sender_batch_id":"59ee4461f1771","email_subject":"Nuevo pago de Evento Original"},"items":[{"recipient_type":"Email","note":"Nuevo pago mensual","receiver":"emiliano.rodriguez26@gmail.com","sender_item_id":"59ee4461f1a10","amount":{"value":"200.00","currency":"USD"}}]}
--------------------------------------------------------------------------------------------------------------------------------

[23-10-2017 19:35:00] PayPal\Core\PayPalHttpConnection : INFO: Response Status 	: 500
[23-10-2017 19:35:00] PayPal\Core\PayPalHttpConnection : DEBUG: Response Headers	: Date: Mon, 23 Oct 2017 19:35:00 GMT, Server: Apache, paypal-debug-id: 1c72a2e7583f4, Content-Language: *, Connection: close, HTTP_X_PP_AZ_LOCATOR: sandbox.slc, Paypal-Debug-Id: 1c72a2e7583f4, Set-Cookie: X-PP-SILOVER=; Expires=Thu, 01 Jan 1970 00:00:01 GMT, Vary: Authorization, Content-Length: 194, Content-Type: application/json, 
[23-10-2017 19:35:00] PayPal\Core\PayPalHttpConnection : ERROR: Got Http response code 500 when accessing https://api.sandbox.paypal.com/v1/payments/payouts?sync_mode=true. {"name":"INTERNAL_ERROR","message":"An internal service error has occurred.","debug_id":"1c72a2e7583f4","information_link":"https://developer.paypal.com/docs/api/payments.payouts-batch/#errors"}
[23-10-2017 19:35:00] PayPal\Core\PayPalHttpConnection : DEBUG: 

================================================================================================================================

[23-10-2017 19:41:06] PayPal\Core\PayPalHttpConnection : INFO: POST https://api.sandbox.paypal.com/v1/oauth2/token
[23-10-2017 19:41:11] PayPal\Core\PayPalHttpConnection : DEBUG: Request Headers 	: POST /v1/oauth2/token HTTP/1.1, Host: api.sandbox.paypal.com, User-Agent: PayPalSDK/PayPal-PHP-SDK 1.12.0 (platform-ver=7.1.4-1+deb.sury.org~xenial+1; bit=64; os=Linux_4.10.0-37-generic; machine=x86_64; crypto-lib-ver=1.0.2k; curl=7.47.0), Authorization: Basic QVNpb2E3c2YyaDhBeTVVMXVyVWRNdGkzYVZGVGpIOEEtaFA2ZWpvZ2lidVc4QkVlbGlrX1V3X3NGcW9BbDJmVHkwOWx5MUZNYXRSU1ZYejk6RUlNaXB6eWItbzk3ajNIRlNGVlRnZGtnR0JDSHBBQ3FxVEw0LUZ2a0RjcDFTaHF0UWtxdGJLSWZhczVRRmtQYVRMUEl5YUZ0eGc3cWdTdXk=, Accept: */*, Content-Length: 29, Content-Type: application/x-www-form-urlencoded, , 
[23-10-2017 19:41:11] PayPal\Core\PayPalHttpConnection : DEBUG: Request Data		: grant_type=client_credentials
--------------------------------------------------------------------------------------------------------------------------------

[23-10-2017 19:41:11] PayPal\Core\PayPalHttpConnection : INFO: Response Status 	: 200
[23-10-2017 19:41:11] PayPal\Core\PayPalHttpConnection : DEBUG: Response Headers	: Date: Mon, 23 Oct 2017 19:41:07 GMT, Server: Apache, paypal-debug-id: 86e6aea302bb, X-PAYPAL-TOKEN-SERVICE: IAAS, HTTP_X_PP_AZ_LOCATOR: sandbox.slc, Paypal-Debug-Id: 86e6aea302bb, Set-Cookie: X-PP-SILOVER=; Expires=Thu, 01 Jan 1970 00:00:01 GMT, Vary: Authorization, Content-Length: 550, Connection: close, Content-Type: application/json, 
[23-10-2017 19:41:11] PayPal\Core\PayPalHttpConnection : DEBUG: Response Data 	: {"scope":"https://uri.paypal.com/services/subscriptions https://api.paypal.com/v1/payments/.* https://api.paypal.com/v1/vault/credit-card https://uri.paypal.com/services/applications/webhooks openid https://uri.paypal.com/payments/payouts https://api.paypal.com/v1/vault/credit-card/.*","nonce":"2017-10-23T19:30:38Z5OirwD87YkPdasVIOHP5aR2ayuQOimRQfCc0HOYXUxs","access_token":"A21AAED-fBxicw6TMZb4mLrlf6q3U9d2pmb9QHBFSQlV0bSwq3OAV23QHnZMzwVgdOaSFgNViEUdfl_T9xyaK89Xw5MzpUftQ","token_type":"Bearer","app_id":"APP-80W284485P519543T","expires_in":31767}

================================================================================================================================

[23-10-2017 19:41:11] PayPal\Core\PayPalHttpConnection : INFO: POST https://api.sandbox.paypal.com/v1/payments/payouts?sync_mode=true
[23-10-2017 19:41:12] PayPal\Core\PayPalHttpConnection : DEBUG: Request Headers 	: POST /v1/payments/payouts?sync_mode=true HTTP/1.1, Host: api.sandbox.paypal.com, Accept: */*, Content-Type: application/json, User-Agent: PayPalSDK/PayPal-PHP-SDK 1.12.0 (platform-ver=7.1.4-1+deb.sury.org~xenial+1; bit=64; os=Linux_4.10.0-37-generic; machine=x86_64; crypto-lib-ver=1.0.2k; curl=7.47.0), Authorization: Bearer A21AAED-fBxicw6TMZb4mLrlf6q3U9d2pmb9QHBFSQlV0bSwq3OAV23QHnZMzwVgdOaSFgNViEUdfl_T9xyaK89Xw5MzpUftQ, Content-Length: 292, , 
[23-10-2017 19:41:12] PayPal\Core\PayPalHttpConnection : DEBUG: Request Data		: {"sender_batch_header":{"sender_batch_id":"59ee45d2bcf8d","email_subject":"Nuevo pago de Evento Original"},"items":[{"recipient_type":"Email","note":"Nuevo pago mensual","receiver":"emiliano.rodriguez26@gmail.com","sender_item_id":"59ee45d2bd224","amount":{"value":"1.00","currency":"EUR"}}]}
--------------------------------------------------------------------------------------------------------------------------------

[23-10-2017 19:41:12] PayPal\Core\PayPalHttpConnection : INFO: Response Status 	: 500
[23-10-2017 19:41:12] PayPal\Core\PayPalHttpConnection : DEBUG: Response Headers	: Date: Mon, 23 Oct 2017 19:41:12 GMT, Server: Apache, paypal-debug-id: dabdb6bb61caa, Content-Language: *, Connection: close, HTTP_X_PP_AZ_LOCATOR: sandbox.slc, Paypal-Debug-Id: dabdb6bb61caa, Set-Cookie: X-PP-SILOVER=; Expires=Thu, 01 Jan 1970 00:00:01 GMT, Vary: Authorization, Content-Length: 200, Content-Type: application/json, 
[23-10-2017 19:41:12] PayPal\Core\PayPalHttpConnection : ERROR: Got Http response code 500 when accessing https://api.sandbox.paypal.com/v1/payments/payouts?sync_mode=true. {"name":"NON_HOLDING_CURRENCY","message":"An internal service error has occurred.","debug_id":"dabdb6bb61caa","information_link":"https://developer.paypal.com/docs/api/payments.payouts-batch/#errors"}
[23-10-2017 19:41:12] PayPal\Core\PayPalHttpConnection : DEBUG: 

================================================================================================================================

[23-10-2017 19:43:36] PayPal\Core\PayPalHttpConnection : INFO: POST https://api.sandbox.paypal.com/v1/oauth2/token
[23-10-2017 19:43:43] PayPal\Core\PayPalHttpConnection : DEBUG: Request Headers 	: POST /v1/oauth2/token HTTP/1.1, Host: api.sandbox.paypal.com, User-Agent: PayPalSDK/PayPal-PHP-SDK 1.12.0 (platform-ver=7.1.4-1+deb.sury.org~xenial+1; bit=64; os=Linux_4.10.0-37-generic; machine=x86_64; crypto-lib-ver=1.0.2k; curl=7.47.0), Authorization: Basic QVNpb2E3c2YyaDhBeTVVMXVyVWRNdGkzYVZGVGpIOEEtaFA2ZWpvZ2lidVc4QkVlbGlrX1V3X3NGcW9BbDJmVHkwOWx5MUZNYXRSU1ZYejk6RUlNaXB6eWItbzk3ajNIRlNGVlRnZGtnR0JDSHBBQ3FxVEw0LUZ2a0RjcDFTaHF0UWtxdGJLSWZhczVRRmtQYVRMUEl5YUZ0eGc3cWdTdXk=, Accept: */*, Content-Length: 29, Content-Type: application/x-www-form-urlencoded, , 
[23-10-2017 19:43:43] PayPal\Core\PayPalHttpConnection : DEBUG: Request Data		: grant_type=client_credentials
--------------------------------------------------------------------------------------------------------------------------------

[23-10-2017 19:43:43] PayPal\Core\PayPalHttpConnection : INFO: Response Status 	: 200
[23-10-2017 19:43:43] PayPal\Core\PayPalHttpConnection : DEBUG: Response Headers	: Date: Mon, 23 Oct 2017 19:43:43 GMT, Server: Apache, paypal-debug-id: cfbbd4fd116be, X-PAYPAL-TOKEN-SERVICE: IAAS, HTTP_X_PP_AZ_LOCATOR: sandbox.slc, Paypal-Debug-Id: cfbbd4fd116be, Set-Cookie: X-PP-SILOVER=; Expires=Thu, 01 Jan 1970 00:00:01 GMT, Vary: Authorization, Content-Length: 550, Connection: close, Content-Type: application/json, 
[23-10-2017 19:43:43] PayPal\Core\PayPalHttpConnection : DEBUG: Response Data 	: {"scope":"https://uri.paypal.com/services/subscriptions https://api.paypal.com/v1/payments/.* https://api.paypal.com/v1/vault/credit-card https://uri.paypal.com/services/applications/webhooks openid https://uri.paypal.com/payments/payouts https://api.paypal.com/v1/vault/credit-card/.*","nonce":"2017-10-23T19:30:38Z5OirwD87YkPdasVIOHP5aR2ayuQOimRQfCc0HOYXUxs","access_token":"A21AAED-fBxicw6TMZb4mLrlf6q3U9d2pmb9QHBFSQlV0bSwq3OAV23QHnZMzwVgdOaSFgNViEUdfl_T9xyaK89Xw5MzpUftQ","token_type":"Bearer","app_id":"APP-80W284485P519543T","expires_in":31615}

================================================================================================================================

[23-10-2017 19:43:43] PayPal\Core\PayPalHttpConnection : INFO: POST https://api.sandbox.paypal.com/v1/payments/payouts?sync_mode=true
[23-10-2017 19:43:51] PayPal\Core\PayPalHttpConnection : DEBUG: Request Headers 	: POST /v1/payments/payouts?sync_mode=true HTTP/1.1, Host: api.sandbox.paypal.com, Accept: */*, Content-Type: application/json, User-Agent: PayPalSDK/PayPal-PHP-SDK 1.12.0 (platform-ver=7.1.4-1+deb.sury.org~xenial+1; bit=64; os=Linux_4.10.0-37-generic; machine=x86_64; crypto-lib-ver=1.0.2k; curl=7.47.0), Authorization: Bearer A21AAED-fBxicw6TMZb4mLrlf6q3U9d2pmb9QHBFSQlV0bSwq3OAV23QHnZMzwVgdOaSFgNViEUdfl_T9xyaK89Xw5MzpUftQ, Content-Length: 287, , 
[23-10-2017 19:43:51] PayPal\Core\PayPalHttpConnection : DEBUG: Request Data		: {"sender_batch_header":{"sender_batch_id":"59ee466800ec4","email_subject":"Nuevo pago de Evento Original"},"items":[{"recipient_type":"Email","note":"Nuevo pago mensual","receiver":"emi_r26-buyer@hotmail.com","sender_item_id":"59ee466801166","amount":{"value":"1.00","currency":"EUR"}}]}
--------------------------------------------------------------------------------------------------------------------------------

[23-10-2017 19:43:51] PayPal\Core\PayPalHttpConnection : INFO: Response Status 	: 500
[23-10-2017 19:43:51] PayPal\Core\PayPalHttpConnection : DEBUG: Response Headers	: Date: Mon, 23 Oct 2017 19:43:44 GMT, Server: Apache, paypal-debug-id: 667b803a29ac9, Content-Language: *, Connection: close, HTTP_X_PP_AZ_LOCATOR: sandbox.slc, Paypal-Debug-Id: 667b803a29ac9, Set-Cookie: X-PP-SILOVER=; Expires=Thu, 01 Jan 1970 00:00:01 GMT, Vary: Authorization, Content-Length: 200, Content-Type: application/json, 
[23-10-2017 19:43:51] PayPal\Core\PayPalHttpConnection : ERROR: Got Http response code 500 when accessing https://api.sandbox.paypal.com/v1/payments/payouts?sync_mode=true. {"name":"NON_HOLDING_CURRENCY","message":"An internal service error has occurred.","debug_id":"667b803a29ac9","information_link":"https://developer.paypal.com/docs/api/payments.payouts-batch/#errors"}
[23-10-2017 19:43:51] PayPal\Core\PayPalHttpConnection : DEBUG: 

================================================================================================================================

[23-10-2017 19:48:03] PayPal\Core\PayPalHttpConnection : INFO: POST https://api.sandbox.paypal.com/v1/oauth2/token
[23-10-2017 19:48:08] PayPal\Core\PayPalHttpConnection : DEBUG: Request Headers 	: POST /v1/oauth2/token HTTP/1.1, Host: api.sandbox.paypal.com, User-Agent: PayPalSDK/PayPal-PHP-SDK 1.12.0 (platform-ver=7.1.4-1+deb.sury.org~xenial+1; bit=64; os=Linux_4.10.0-37-generic; machine=x86_64; crypto-lib-ver=1.0.2k; curl=7.47.0), Authorization: Basic QVNpb2E3c2YyaDhBeTVVMXVyVWRNdGkzYVZGVGpIOEEtaFA2ZWpvZ2lidVc4QkVlbGlrX1V3X3NGcW9BbDJmVHkwOWx5MUZNYXRSU1ZYejk6RUlNaXB6eWItbzk3ajNIRlNGVlRnZGtnR0JDSHBBQ3FxVEw0LUZ2a0RjcDFTaHF0UWtxdGJLSWZhczVRRmtQYVRMUEl5YUZ0eGc3cWdTdXk=, Accept: */*, Content-Length: 29, Content-Type: application/x-www-form-urlencoded, , 
[23-10-2017 19:48:08] PayPal\Core\PayPalHttpConnection : DEBUG: Request Data		: grant_type=client_credentials
--------------------------------------------------------------------------------------------------------------------------------

[23-10-2017 19:48:08] PayPal\Core\PayPalHttpConnection : INFO: Response Status 	: 200
[23-10-2017 19:48:08] PayPal\Core\PayPalHttpConnection : DEBUG: Response Headers	: Date: Mon, 23 Oct 2017 19:48:05 GMT, Server: Apache, paypal-debug-id: f4df80d6574b, X-PAYPAL-TOKEN-SERVICE: IAAS, HTTP_X_PP_AZ_LOCATOR: sandbox.slc, Paypal-Debug-Id: f4df80d6574b, Set-Cookie: X-PP-SILOVER=; Expires=Thu, 01 Jan 1970 00:00:01 GMT, Vary: Authorization, Content-Length: 550, Connection: close, Content-Type: application/json, 
[23-10-2017 19:48:08] PayPal\Core\PayPalHttpConnection : DEBUG: Response Data 	: {"scope":"https://uri.paypal.com/services/subscriptions https://api.paypal.com/v1/payments/.* https://api.paypal.com/v1/vault/credit-card https://uri.paypal.com/services/applications/webhooks openid https://uri.paypal.com/payments/payouts https://api.paypal.com/v1/vault/credit-card/.*","nonce":"2017-10-23T19:30:38Z5OirwD87YkPdasVIOHP5aR2ayuQOimRQfCc0HOYXUxs","access_token":"A21AAED-fBxicw6TMZb4mLrlf6q3U9d2pmb9QHBFSQlV0bSwq3OAV23QHnZMzwVgdOaSFgNViEUdfl_T9xyaK89Xw5MzpUftQ","token_type":"Bearer","app_id":"APP-80W284485P519543T","expires_in":31350}

================================================================================================================================

[23-10-2017 19:48:08] PayPal\Core\PayPalHttpConnection : INFO: POST https://api.sandbox.paypal.com/v1/payments/payouts?sync_mode=true
[23-10-2017 19:48:09] PayPal\Core\PayPalHttpConnection : DEBUG: Request Headers 	: POST /v1/payments/payouts?sync_mode=true HTTP/1.1, Host: api.sandbox.paypal.com, Accept: */*, Content-Type: application/json, User-Agent: PayPalSDK/PayPal-PHP-SDK 1.12.0 (platform-ver=7.1.4-1+deb.sury.org~xenial+1; bit=64; os=Linux_4.10.0-37-generic; machine=x86_64; crypto-lib-ver=1.0.2k; curl=7.47.0), Authorization: Bearer A21AAED-fBxicw6TMZb4mLrlf6q3U9d2pmb9QHBFSQlV0bSwq3OAV23QHnZMzwVgdOaSFgNViEUdfl_T9xyaK89Xw5MzpUftQ, Content-Length: 287, , 
[23-10-2017 19:48:09] PayPal\Core\PayPalHttpConnection : DEBUG: Request Data		: {"sender_batch_header":{"sender_batch_id":"59ee4773c68e0","email_subject":"Nuevo pago de Evento Original"},"items":[{"recipient_type":"Email","note":"Nuevo pago mensual","receiver":"emi_r26-buyer@hotmail.com","sender_item_id":"59ee4773c6b82","amount":{"value":"1.00","currency":"USD"}}]}
--------------------------------------------------------------------------------------------------------------------------------

[23-10-2017 19:48:09] PayPal\Core\PayPalHttpConnection : INFO: Response Status 	: 500
[23-10-2017 19:48:09] PayPal\Core\PayPalHttpConnection : DEBUG: Response Headers	: Date: Mon, 23 Oct 2017 19:48:09 GMT, Server: Apache, paypal-debug-id: 6eda5b044268d, Content-Language: *, Connection: close, HTTP_X_PP_AZ_LOCATOR: sandbox.slc, Paypal-Debug-Id: 6eda5b044268d, Set-Cookie: X-PP-SILOVER=; Expires=Thu, 01 Jan 1970 00:00:01 GMT, Vary: Authorization, Content-Length: 194, Content-Type: application/json, 
[23-10-2017 19:48:09] PayPal\Core\PayPalHttpConnection : ERROR: Got Http response code 500 when accessing https://api.sandbox.paypal.com/v1/payments/payouts?sync_mode=true. {"name":"INTERNAL_ERROR","message":"An internal service error has occurred.","debug_id":"6eda5b044268d","information_link":"https://developer.paypal.com/docs/api/payments.payouts-batch/#errors"}
[23-10-2017 19:48:09] PayPal\Core\PayPalHttpConnection : DEBUG: 

================================================================================================================================

[23-10-2017 20:19:47] PayPal\Core\PayPalHttpConnection : INFO: POST https://api.sandbox.paypal.com/v1/oauth2/token
[23-10-2017 20:19:48] PayPal\Core\PayPalHttpConnection : DEBUG: Request Headers 	: POST /v1/oauth2/token HTTP/1.1, Host: api.sandbox.paypal.com, User-Agent: PayPalSDK/PayPal-PHP-SDK 1.12.0 (platform-ver=7.1.4-1+deb.sury.org~xenial+1; bit=64; os=Linux_4.10.0-37-generic; machine=x86_64; crypto-lib-ver=1.0.2k; curl=7.47.0), Authorization: Basic QVNpb2E3c2YyaDhBeTVVMXVyVWRNdGkzYVZGVGpIOEEtaFA2ZWpvZ2lidVc4QkVlbGlrX1V3X3NGcW9BbDJmVHkwOWx5MUZNYXRSU1ZYejk6RUlNaXB6eWItbzk3ajNIRlNGVlRnZGtnR0JDSHBBQ3FxVEw0LUZ2a0RjcDFTaHF0UWtxdGJLSWZhczVRRmtQYVRMUEl5YUZ0eGc3cWdTdXk=, Accept: */*, Content-Length: 29, Content-Type: application/x-www-form-urlencoded, , 
[23-10-2017 20:19:48] PayPal\Core\PayPalHttpConnection : DEBUG: Request Data		: grant_type=client_credentials
--------------------------------------------------------------------------------------------------------------------------------

[23-10-2017 20:19:48] PayPal\Core\PayPalHttpConnection : INFO: Response Status 	: 200
[23-10-2017 20:19:48] PayPal\Core\PayPalHttpConnection : DEBUG: Response Headers	: Date: Mon, 23 Oct 2017 20:19:48 GMT, Server: Apache, paypal-debug-id: 940931e6c88e, X-PAYPAL-TOKEN-SERVICE: IAAS, HTTP_X_PP_AZ_LOCATOR: sandbox.slc, Paypal-Debug-Id: 940931e6c88e, Set-Cookie: X-PP-SILOVER=; Expires=Thu, 01 Jan 1970 00:00:01 GMT, Vary: Authorization, Content-Length: 550, Connection: close, Content-Type: application/json, 
[23-10-2017 20:19:48] PayPal\Core\PayPalHttpConnection : DEBUG: Response Data 	: {"scope":"https://uri.paypal.com/services/subscriptions https://api.paypal.com/v1/payments/.* https://api.paypal.com/v1/vault/credit-card https://uri.paypal.com/services/applications/webhooks openid https://uri.paypal.com/payments/payouts https://api.paypal.com/v1/vault/credit-card/.*","nonce":"2017-10-23T20:19:48ZaEy_1Uilm-rcRhaXlQ-83V4c2DPdljNiMIGK_S-Grak","access_token":"A21AAGRUAIIgwJ0j5B_YcBKBGUH0hCH8jcTCYkqRy9egI5ZGs-7MwnFWAwvkEaEKNNoRR2ZZMdi_mVUO8sih7bzU8P23X215g","token_type":"Bearer","app_id":"APP-80W284485P519543T","expires_in":32400}

================================================================================================================================

[23-10-2017 20:19:48] PayPal\Core\PayPalHttpConnection : INFO: POST https://api.sandbox.paypal.com/v1/payments/payouts?sync_mode=true
[23-10-2017 20:19:49] PayPal\Core\PayPalHttpConnection : DEBUG: Request Headers 	: POST /v1/payments/payouts?sync_mode=true HTTP/1.1, Host: api.sandbox.paypal.com, Accept: */*, Content-Type: application/json, User-Agent: PayPalSDK/PayPal-PHP-SDK 1.12.0 (platform-ver=7.1.4-1+deb.sury.org~xenial+1; bit=64; os=Linux_4.10.0-37-generic; machine=x86_64; crypto-lib-ver=1.0.2k; curl=7.47.0), Authorization: Bearer A21AAGRUAIIgwJ0j5B_YcBKBGUH0hCH8jcTCYkqRy9egI5ZGs-7MwnFWAwvkEaEKNNoRR2ZZMdi_mVUO8sih7bzU8P23X215g, Content-Length: 317, , 
[23-10-2017 20:19:49] PayPal\Core\PayPalHttpConnection : DEBUG: Request Data		: {"sender_batch_header":{"sender_batch_id":"59ee4ee305236","email_subject":"Nuevo pago de Evento Original","recipient_type":"EMAIL"},"items":[{"recipient_type":"EMAIL","note":"Nuevo pago mensual","receiver":"emiliano.rodriguez26@gmail.com","sender_item_id":"59ee4ee3054cc","amount":{"value":"1.00","currency":"USD"}}]}
--------------------------------------------------------------------------------------------------------------------------------

[23-10-2017 20:19:49] PayPal\Core\PayPalHttpConnection : INFO: Response Status 	: 422
[23-10-2017 20:19:49] PayPal\Core\PayPalHttpConnection : DEBUG: Response Headers	: Date: Mon, 23 Oct 2017 20:19:49 GMT, Server: Apache, paypal-debug-id: ed2ff52195244, Content-Language: *, HTTP_X_PP_AZ_LOCATOR: sandbox.slc, Paypal-Debug-Id: ed2ff52195244, Set-Cookie: X-PP-SILOVER=; Expires=Thu, 01 Jan 1970 00:00:01 GMT, Vary: Authorization, Content-Length: 198, Connection: close, Content-Type: application/json, 
[23-10-2017 20:19:49] PayPal\Core\PayPalHttpConnection : ERROR: Got Http response code 422 when accessing https://api.sandbox.paypal.com/v1/payments/payouts?sync_mode=true. {"name":"INSUFFICIENT_FUNDS","message":"An internal service error has occurred.","debug_id":"ed2ff52195244","information_link":"https://developer.paypal.com/docs/api/payments.payouts-batch/#errors"}
[23-10-2017 20:19:49] PayPal\Core\PayPalHttpConnection : DEBUG: 

================================================================================================================================

[23-10-2017 20:39:14] PayPal\Core\PayPalHttpConnection : INFO: POST https://api.sandbox.paypal.com/v1/oauth2/token
[23-10-2017 20:39:16] PayPal\Core\PayPalHttpConnection : DEBUG: Request Headers 	: POST /v1/oauth2/token HTTP/1.1, Host: api.sandbox.paypal.com, User-Agent: PayPalSDK/PayPal-PHP-SDK 1.12.0 (platform-ver=7.1.4-1+deb.sury.org~xenial+1; bit=64; os=Linux_4.10.0-37-generic; machine=x86_64; crypto-lib-ver=1.0.2k; curl=7.47.0), Authorization: Basic QVZRaVNOWnd2aFkxaUtvejJ4cktRZ2tEUEJzWG5PSXIxZTFlZmFHdkpEZ1ktN0JTcVBNV1czSXdqVjZWMVZ2d2ZfN18zSXdwT2xrbGhORVo6RUNIQ0xaNkxteXVCUy02Smg4MkhicjBJMFlXc1puNW9fa2d5czFTMkNYMTNKczdReFVuaUNvMXV4VFczZDlXSGdxcjFqVFJEUFNhNzRqb0o=, Accept: */*, Content-Length: 29, Content-Type: application/x-www-form-urlencoded, , 
[23-10-2017 20:39:16] PayPal\Core\PayPalHttpConnection : DEBUG: Request Data		: grant_type=client_credentials
--------------------------------------------------------------------------------------------------------------------------------

[23-10-2017 20:39:16] PayPal\Core\PayPalHttpConnection : INFO: Response Status 	: 200
[23-10-2017 20:39:16] PayPal\Core\PayPalHttpConnection : DEBUG: Response Headers	: Date: Mon, 23 Oct 2017 20:39:16 GMT, Server: Apache, paypal-debug-id: cc048af93cbab, X-PAYPAL-TOKEN-SERVICE: IAAS, HTTP_X_PP_AZ_LOCATOR: sandbox.slc, Paypal-Debug-Id: cc048af93cbab, Set-Cookie: X-PP-SILOVER=; Expires=Thu, 01 Jan 1970 00:00:01 GMT, Vary: Authorization, Content-Length: 550, Connection: close, Content-Type: application/json, 
[23-10-2017 20:39:16] PayPal\Core\PayPalHttpConnection : DEBUG: Response Data 	: {"scope":"https://uri.paypal.com/services/subscriptions https://api.paypal.com/v1/payments/.* https://api.paypal.com/v1/vault/credit-card https://uri.paypal.com/services/applications/webhooks openid https://uri.paypal.com/payments/payouts https://api.paypal.com/v1/vault/credit-card/.*","nonce":"2017-10-23T20:39:16ZH9eNtxwp4UR_6mI4jWfJVvqVqAAQlpjHsgUdhDTdWWo","access_token":"A21AAFRcg8GkJDElHD6RUKtOSaRKMsqCeFHRMobuZQfPghwaq8kwVsuWRZhmlkUngVykjQG98u-zuB9GEXY9IWrSlM9NJ136Q","token_type":"Bearer","app_id":"APP-80W284485P519543T","expires_in":32400}

================================================================================================================================

[23-10-2017 20:39:16] PayPal\Core\PayPalHttpConnection : INFO: POST https://api.sandbox.paypal.com/v1/payments/payouts?sync_mode=true
[23-10-2017 20:39:20] PayPal\Core\PayPalHttpConnection : DEBUG: Request Headers 	: POST /v1/payments/payouts?sync_mode=true HTTP/1.1, Host: api.sandbox.paypal.com, Accept: */*, Content-Type: application/json, User-Agent: PayPalSDK/PayPal-PHP-SDK 1.12.0 (platform-ver=7.1.4-1+deb.sury.org~xenial+1; bit=64; os=Linux_4.10.0-37-generic; machine=x86_64; crypto-lib-ver=1.0.2k; curl=7.47.0), Authorization: Bearer A21AAFRcg8GkJDElHD6RUKtOSaRKMsqCeFHRMobuZQfPghwaq8kwVsuWRZhmlkUngVykjQG98u-zuB9GEXY9IWrSlM9NJ136Q, Content-Length: 317, , 
[23-10-2017 20:39:20] PayPal\Core\PayPalHttpConnection : DEBUG: Request Data		: {"sender_batch_header":{"sender_batch_id":"59ee5372dd68a","email_subject":"Nuevo pago de Evento Original","recipient_type":"EMAIL"},"items":[{"recipient_type":"EMAIL","note":"Nuevo pago mensual","receiver":"emiliano.rodriguez26@gmail.com","sender_item_id":"59ee5372dd923","amount":{"value":"1.00","currency":"USD"}}]}
--------------------------------------------------------------------------------------------------------------------------------

[23-10-2017 20:39:20] PayPal\Core\PayPalHttpConnection : INFO: Response Status 	: 201
[23-10-2017 20:39:20] PayPal\Core\PayPalHttpConnection : DEBUG: Response Headers	: Date: Mon, 23 Oct 2017 20:39:17 GMT, Server: Apache, paypal-debug-id: d859db7a6b35b, Content-Language: *, HTTP_X_PP_AZ_LOCATOR: sandbox.slc, Paypal-Debug-Id: d859db7a6b35b, Set-Cookie: X-PP-SILOVER=; Expires=Thu, 01 Jan 1970 00:00:01 GMT, Vary: Authorization, Content-Length: 1175, Connection: close, Content-Type: application/json, 
[23-10-2017 20:39:20] PayPal\Core\PayPalHttpConnection : DEBUG: Response Data 	: {"batch_header":{"payout_batch_id":"CPCUDBTGUT9AN","batch_status":"SUCCESS","time_created":"2017-10-23T20:39:17Z","time_completed":"2017-10-23T20:39:19Z","sender_batch_header":{"email_subject":"Nuevo pago de Evento Original","sender_batch_id":"59ee5372dd68a"},"amount":{"currency":"USD","value":"1.0"},"fees":{"currency":"USD","value":"0.25"}},"items":[{"payout_item_id":"G269HSLU248BU","transaction_id":"998381027V314991E","transaction_status":"UNCLAIMED","payout_item_fee":{"currency":"USD","value":"0.25"},"payout_batch_id":"CPCUDBTGUT9AN","payout_item":{"amount":{"currency":"USD","value":"1.0"},"note":"Nuevo pago mensual","receiver":"emiliano.rodriguez26@gmail.com","recipient_type":"EMAIL","sender_item_id":"59ee5372dd923"},"time_processed":"2017-10-23T20:39:19Z","errors":{"name":"RECEIVER_UNREGISTERED","message":"Receiver is unregistered","information_link":"https://developer.paypal.com/docs/api/payments.payouts-batch/#errors"},"links":[{"href":"https://api.sandbox.paypal.com/v1/payments/payouts-item/G269HSLU248BU","rel":"item","method":"GET"}]}],"links":[{"href":"https://api.sandbox.paypal.com/v1/payments/payouts/CPCUDBTGUT9AN","rel":"self","method":"GET"}]}

================================================================================================================================

[23-10-2017 20:41:10] PayPal\Core\PayPalHttpConnection : INFO: POST https://api.sandbox.paypal.com/v1/oauth2/token
[23-10-2017 20:41:11] PayPal\Core\PayPalHttpConnection : DEBUG: Request Headers 	: POST /v1/oauth2/token HTTP/1.1, Host: api.sandbox.paypal.com, User-Agent: PayPalSDK/PayPal-PHP-SDK 1.12.0 (platform-ver=7.1.4-1+deb.sury.org~xenial+1; bit=64; os=Linux_4.10.0-37-generic; machine=x86_64; crypto-lib-ver=1.0.2k; curl=7.47.0), Authorization: Basic QVZRaVNOWnd2aFkxaUtvejJ4cktRZ2tEUEJzWG5PSXIxZTFlZmFHdkpEZ1ktN0JTcVBNV1czSXdqVjZWMVZ2d2ZfN18zSXdwT2xrbGhORVo6RUNIQ0xaNkxteXVCUy02Smg4MkhicjBJMFlXc1puNW9fa2d5czFTMkNYMTNKczdReFVuaUNvMXV4VFczZDlXSGdxcjFqVFJEUFNhNzRqb0o=, Accept: */*, Content-Length: 29, Content-Type: application/x-www-form-urlencoded, , 
[23-10-2017 20:41:11] PayPal\Core\PayPalHttpConnection : DEBUG: Request Data		: grant_type=client_credentials
--------------------------------------------------------------------------------------------------------------------------------

[23-10-2017 20:41:11] PayPal\Core\PayPalHttpConnection : INFO: Response Status 	: 200
[23-10-2017 20:41:11] PayPal\Core\PayPalHttpConnection : DEBUG: Response Headers	: Date: Mon, 23 Oct 2017 20:41:11 GMT, Server: Apache, paypal-debug-id: b5a3a0d456d87, X-PAYPAL-TOKEN-SERVICE: IAAS, HTTP_X_PP_AZ_LOCATOR: sandbox.slc, Paypal-Debug-Id: b5a3a0d456d87, Set-Cookie: X-PP-SILOVER=; Expires=Thu, 01 Jan 1970 00:00:01 GMT, Vary: Authorization, Content-Length: 550, Connection: close, Content-Type: application/json, 
[23-10-2017 20:41:11] PayPal\Core\PayPalHttpConnection : DEBUG: Response Data 	: {"scope":"https://uri.paypal.com/services/subscriptions https://api.paypal.com/v1/payments/.* https://api.paypal.com/v1/vault/credit-card https://uri.paypal.com/services/applications/webhooks openid https://uri.paypal.com/payments/payouts https://api.paypal.com/v1/vault/credit-card/.*","nonce":"2017-10-23T20:39:16ZH9eNtxwp4UR_6mI4jWfJVvqVqAAQlpjHsgUdhDTdWWo","access_token":"A21AAFRcg8GkJDElHD6RUKtOSaRKMsqCeFHRMobuZQfPghwaq8kwVsuWRZhmlkUngVykjQG98u-zuB9GEXY9IWrSlM9NJ136Q","token_type":"Bearer","app_id":"APP-80W284485P519543T","expires_in":32285}

================================================================================================================================

[23-10-2017 20:41:11] PayPal\Core\PayPalHttpConnection : INFO: POST https://api.sandbox.paypal.com/v1/payments/payouts?sync_mode=true
[23-10-2017 20:41:14] PayPal\Core\PayPalHttpConnection : DEBUG: Request Headers 	: POST /v1/payments/payouts?sync_mode=true HTTP/1.1, Host: api.sandbox.paypal.com, Accept: */*, Content-Type: application/json, User-Agent: PayPalSDK/PayPal-PHP-SDK 1.12.0 (platform-ver=7.1.4-1+deb.sury.org~xenial+1; bit=64; os=Linux_4.10.0-37-generic; machine=x86_64; crypto-lib-ver=1.0.2k; curl=7.47.0), Authorization: Bearer A21AAFRcg8GkJDElHD6RUKtOSaRKMsqCeFHRMobuZQfPghwaq8kwVsuWRZhmlkUngVykjQG98u-zuB9GEXY9IWrSlM9NJ136Q, Content-Length: 317, , 
[23-10-2017 20:41:14] PayPal\Core\PayPalHttpConnection : DEBUG: Request Data		: {"sender_batch_header":{"sender_batch_id":"59ee53e644844","email_subject":"Nuevo pago de Evento Original","recipient_type":"EMAIL"},"items":[{"recipient_type":"EMAIL","note":"Nuevo pago mensual","receiver":"emiliano.rodriguez26@gmail.com","sender_item_id":"59ee53e644b11","amount":{"value":"1.00","currency":"EUR"}}]}
--------------------------------------------------------------------------------------------------------------------------------

[23-10-2017 20:41:14] PayPal\Core\PayPalHttpConnection : INFO: Response Status 	: 201
[23-10-2017 20:41:14] PayPal\Core\PayPalHttpConnection : DEBUG: Response Headers	: Date: Mon, 23 Oct 2017 20:41:12 GMT, Server: Apache, paypal-debug-id: 7138c3d66c9c, Content-Language: *, HTTP_X_PP_AZ_LOCATOR: sandbox.slc, Paypal-Debug-Id: 7138c3d66c9c, Set-Cookie: X-PP-SILOVER=; Expires=Thu, 01 Jan 1970 00:00:01 GMT, Vary: Authorization, Content-Length: 1175, Connection: close, Content-Type: application/json, 
[23-10-2017 20:41:14] PayPal\Core\PayPalHttpConnection : DEBUG: Response Data 	: {"batch_header":{"payout_batch_id":"3GB76UADJK3HN","batch_status":"SUCCESS","time_created":"2017-10-23T20:41:12Z","time_completed":"2017-10-23T20:41:14Z","sender_batch_header":{"email_subject":"Nuevo pago de Evento Original","sender_batch_id":"59ee53e644844"},"amount":{"currency":"EUR","value":"1.0"},"fees":{"currency":"EUR","value":"0.22"}},"items":[{"payout_item_id":"B5CUTJ6CZXWBY","transaction_id":"08Y45277YA6048229","transaction_status":"UNCLAIMED","payout_item_fee":{"currency":"EUR","value":"0.22"},"payout_batch_id":"3GB76UADJK3HN","payout_item":{"amount":{"currency":"EUR","value":"1.0"},"note":"Nuevo pago mensual","receiver":"emiliano.rodriguez26@gmail.com","recipient_type":"EMAIL","sender_item_id":"59ee53e644b11"},"time_processed":"2017-10-23T20:41:14Z","errors":{"name":"RECEIVER_UNREGISTERED","message":"Receiver is unregistered","information_link":"https://developer.paypal.com/docs/api/payments.payouts-batch/#errors"},"links":[{"href":"https://api.sandbox.paypal.com/v1/payments/payouts-item/B5CUTJ6CZXWBY","rel":"item","method":"GET"}]}],"links":[{"href":"https://api.sandbox.paypal.com/v1/payments/payouts/3GB76UADJK3HN","rel":"self","method":"GET"}]}

================================================================================================================================

[23-10-2017 20:48:13] PayPal\Core\PayPalHttpConnection : INFO: POST https://api.sandbox.paypal.com/v1/oauth2/token
[23-10-2017 20:48:15] PayPal\Core\PayPalHttpConnection : DEBUG: Request Headers 	: POST /v1/oauth2/token HTTP/1.1, Host: api.sandbox.paypal.com, User-Agent: PayPalSDK/PayPal-PHP-SDK 1.12.0 (platform-ver=7.1.4-1+deb.sury.org~xenial+1; bit=64; os=Linux_4.10.0-37-generic; machine=x86_64; crypto-lib-ver=1.0.2k; curl=7.47.0), Authorization: Basic QVZRaVNOWnd2aFkxaUtvejJ4cktRZ2tEUEJzWG5PSXIxZTFlZmFHdkpEZ1ktN0JTcVBNV1czSXdqVjZWMVZ2d2ZfN18zSXdwT2xrbGhORVo6RUNIQ0xaNkxteXVCUy02Smg4MkhicjBJMFlXc1puNW9fa2d5czFTMkNYMTNKczdReFVuaUNvMXV4VFczZDlXSGdxcjFqVFJEUFNhNzRqb0o=, Accept: */*, Content-Length: 29, Content-Type: application/x-www-form-urlencoded, , 
[23-10-2017 20:48:15] PayPal\Core\PayPalHttpConnection : DEBUG: Request Data		: grant_type=client_credentials
--------------------------------------------------------------------------------------------------------------------------------

[23-10-2017 20:48:15] PayPal\Core\PayPalHttpConnection : INFO: Response Status 	: 200
[23-10-2017 20:48:15] PayPal\Core\PayPalHttpConnection : DEBUG: Response Headers	: Date: Mon, 23 Oct 2017 20:48:14 GMT, Server: Apache, paypal-debug-id: 4493d7a0da698, X-PAYPAL-TOKEN-SERVICE: IAAS, HTTP_X_PP_AZ_LOCATOR: sandbox.slc, Paypal-Debug-Id: 4493d7a0da698, Set-Cookie: X-PP-SILOVER=; Expires=Thu, 01 Jan 1970 00:00:01 GMT, Vary: Authorization, Content-Length: 550, Connection: close, Content-Type: application/json, 
[23-10-2017 20:48:15] PayPal\Core\PayPalHttpConnection : DEBUG: Response Data 	: {"scope":"https://uri.paypal.com/services/subscriptions https://api.paypal.com/v1/payments/.* https://api.paypal.com/v1/vault/credit-card https://uri.paypal.com/services/applications/webhooks openid https://uri.paypal.com/payments/payouts https://api.paypal.com/v1/vault/credit-card/.*","nonce":"2017-10-23T20:39:16ZH9eNtxwp4UR_6mI4jWfJVvqVqAAQlpjHsgUdhDTdWWo","access_token":"A21AAFRcg8GkJDElHD6RUKtOSaRKMsqCeFHRMobuZQfPghwaq8kwVsuWRZhmlkUngVykjQG98u-zuB9GEXY9IWrSlM9NJ136Q","token_type":"Bearer","app_id":"APP-80W284485P519543T","expires_in":31862}

================================================================================================================================

[23-10-2017 20:48:15] PayPal\Core\PayPalHttpConnection : INFO: POST https://api.sandbox.paypal.com/v1/payments/payouts?sync_mode=true
[23-10-2017 20:48:34] PayPal\Core\PayPalHttpConnection : DEBUG: Request Headers 	: POST /v1/payments/payouts?sync_mode=true HTTP/1.1, Host: api.sandbox.paypal.com, Accept: */*, Content-Type: application/json, User-Agent: PayPalSDK/PayPal-PHP-SDK 1.12.0 (platform-ver=7.1.4-1+deb.sury.org~xenial+1; bit=64; os=Linux_4.10.0-37-generic; machine=x86_64; crypto-lib-ver=1.0.2k; curl=7.47.0), Authorization: Bearer A21AAFRcg8GkJDElHD6RUKtOSaRKMsqCeFHRMobuZQfPghwaq8kwVsuWRZhmlkUngVykjQG98u-zuB9GEXY9IWrSlM9NJ136Q, Content-Length: 308, , 
[23-10-2017 20:48:34] PayPal\Core\PayPalHttpConnection : DEBUG: Request Data		: {"sender_batch_header":{"sender_batch_id":"59ee558de6d50","email_subject":"Nuevo pago de Evento Original","recipient_type":"EMAIL"},"items":[{"recipient_type":"EMAIL","note":"Nuevo pago mensual","receiver":"test@eventooriginal.com","sender_item_id":"59ee558de7293","amount":{"amount":1.1,"currency":"EUR"}}]}
--------------------------------------------------------------------------------------------------------------------------------

[23-10-2017 20:48:34] PayPal\Core\PayPalHttpConnection : INFO: Response Status 	: 400
[23-10-2017 20:48:34] PayPal\Core\PayPalHttpConnection : DEBUG: Response Headers	: Date: Mon, 23 Oct 2017 20:48:15 GMT, Server: Apache, paypal-debug-id: b667efc8288c9, Content-Language: *, Connection: close, HTTP_X_PP_AZ_LOCATOR: sandbox.slc, Paypal-Debug-Id: b667efc8288c9, Set-Cookie: X-PP-SILOVER=; Expires=Thu, 01 Jan 1970 00:00:01 GMT, Vary: Authorization, Content-Length: 187, Content-Type: application/json, 
[23-10-2017 20:48:34] PayPal\Core\PayPalHttpConnection : ERROR: Got Http response code 400 when accessing https://api.sandbox.paypal.com/v1/payments/payouts?sync_mode=true. {"name":"MALFORMED_REQUEST_ERROR","message":"Json request malformed.","debug_id":"b667efc8288c9","information_link":"https://developer.paypal.com/docs/api/payments.payouts-batch/#errors"}
[23-10-2017 20:48:34] PayPal\Core\PayPalHttpConnection : DEBUG: 

================================================================================================================================

[23-10-2017 20:53:41] PayPal\Core\PayPalHttpConnection : INFO: POST https://api.sandbox.paypal.com/v1/oauth2/token
[23-10-2017 20:53:52] PayPal\Core\PayPalHttpConnection : DEBUG: Request Headers 	: POST /v1/oauth2/token HTTP/1.1, Host: api.sandbox.paypal.com, User-Agent: PayPalSDK/PayPal-PHP-SDK 1.12.0 (platform-ver=7.1.4-1+deb.sury.org~xenial+1; bit=64; os=Linux_4.10.0-37-generic; machine=x86_64; crypto-lib-ver=1.0.2k; curl=7.47.0), Authorization: Basic QVZRaVNOWnd2aFkxaUtvejJ4cktRZ2tEUEJzWG5PSXIxZTFlZmFHdkpEZ1ktN0JTcVBNV1czSXdqVjZWMVZ2d2ZfN18zSXdwT2xrbGhORVo6RUNIQ0xaNkxteXVCUy02Smg4MkhicjBJMFlXc1puNW9fa2d5czFTMkNYMTNKczdReFVuaUNvMXV4VFczZDlXSGdxcjFqVFJEUFNhNzRqb0o=, Accept: */*, Content-Length: 29, Content-Type: application/x-www-form-urlencoded, , 
[23-10-2017 20:53:52] PayPal\Core\PayPalHttpConnection : DEBUG: Request Data		: grant_type=client_credentials
--------------------------------------------------------------------------------------------------------------------------------

[23-10-2017 20:53:52] PayPal\Core\PayPalHttpConnection : INFO: Response Status 	: 200
[23-10-2017 20:53:52] PayPal\Core\PayPalHttpConnection : DEBUG: Response Headers	: Date: Mon, 23 Oct 2017 20:53:47 GMT, Server: Apache, paypal-debug-id: 559b5b484961, X-PAYPAL-TOKEN-SERVICE: IAAS, HTTP_X_PP_AZ_LOCATOR: sandbox.slc, Paypal-Debug-Id: 559b5b484961, Set-Cookie: X-PP-SILOVER=; Expires=Thu, 01 Jan 1970 00:00:01 GMT, Vary: Authorization, Content-Length: 550, Connection: close, Content-Type: application/json, 
[23-10-2017 20:53:52] PayPal\Core\PayPalHttpConnection : DEBUG: Response Data 	: {"scope":"https://uri.paypal.com/services/subscriptions https://api.paypal.com/v1/payments/.* https://api.paypal.com/v1/vault/credit-card https://uri.paypal.com/services/applications/webhooks openid https://uri.paypal.com/payments/payouts https://api.paypal.com/v1/vault/credit-card/.*","nonce":"2017-10-23T20:39:16ZH9eNtxwp4UR_6mI4jWfJVvqVqAAQlpjHsgUdhDTdWWo","access_token":"A21AAFRcg8GkJDElHD6RUKtOSaRKMsqCeFHRMobuZQfPghwaq8kwVsuWRZhmlkUngVykjQG98u-zuB9GEXY9IWrSlM9NJ136Q","token_type":"Bearer","app_id":"APP-80W284485P519543T","expires_in":31524}

================================================================================================================================

[23-10-2017 20:53:52] PayPal\Core\PayPalHttpConnection : INFO: POST https://api.sandbox.paypal.com/v1/payments/payouts?sync_mode=true
[23-10-2017 20:53:57] PayPal\Core\PayPalHttpConnection : DEBUG: Request Headers 	: POST /v1/payments/payouts?sync_mode=true HTTP/1.1, Host: api.sandbox.paypal.com, Accept: */*, Content-Type: application/json, User-Agent: PayPalSDK/PayPal-PHP-SDK 1.12.0 (platform-ver=7.1.4-1+deb.sury.org~xenial+1; bit=64; os=Linux_4.10.0-37-generic; machine=x86_64; crypto-lib-ver=1.0.2k; curl=7.47.0), Authorization: Bearer A21AAFRcg8GkJDElHD6RUKtOSaRKMsqCeFHRMobuZQfPghwaq8kwVsuWRZhmlkUngVykjQG98u-zuB9GEXY9IWrSlM9NJ136Q, Content-Length: 310, , 
[23-10-2017 20:53:57] PayPal\Core\PayPalHttpConnection : DEBUG: Request Data		: {"sender_batch_header":{"sender_batch_id":"59ee56d50e997","email_subject":"Nuevo pago de Evento Original","recipient_type":"EMAIL"},"items":[{"recipient_type":"EMAIL","note":"Nuevo pago mensual","receiver":"test@eventooriginal.com","sender_item_id":"59ee56d50ee8d","amount":{"value":"1.10","currency":"EUR"}}]}
--------------------------------------------------------------------------------------------------------------------------------

[23-10-2017 20:53:57] PayPal\Core\PayPalHttpConnection : INFO: Response Status 	: 201
[23-10-2017 20:53:57] PayPal\Core\PayPalHttpConnection : DEBUG: Response Headers	: Date: Mon, 23 Oct 2017 20:53:54 GMT, Server: Apache, paypal-debug-id: 9b414dbadbb5, Content-Language: *, HTTP_X_PP_AZ_LOCATOR: sandbox.slc, Paypal-Debug-Id: 9b414dbadbb5, Set-Cookie: X-PP-SILOVER=; Expires=Thu, 01 Jan 1970 00:00:01 GMT, Vary: Authorization, Content-Length: 1168, Connection: close, Content-Type: application/json, 
[23-10-2017 20:53:57] PayPal\Core\PayPalHttpConnection : DEBUG: Response Data 	: {"batch_header":{"payout_batch_id":"RUC6A99U48R52","batch_status":"SUCCESS","time_created":"2017-10-23T20:53:54Z","time_completed":"2017-10-23T20:53:56Z","sender_batch_header":{"email_subject":"Nuevo pago de Evento Original","sender_batch_id":"59ee56d50e997"},"amount":{"currency":"EUR","value":"1.1"},"fees":{"currency":"EUR","value":"0.22"}},"items":[{"payout_item_id":"CVARF28TFCZYW","transaction_id":"1YW10850TB310790L","transaction_status":"UNCLAIMED","payout_item_fee":{"currency":"EUR","value":"0.22"},"payout_batch_id":"RUC6A99U48R52","payout_item":{"amount":{"currency":"EUR","value":"1.1"},"note":"Nuevo pago mensual","receiver":"test@eventooriginal.com","recipient_type":"EMAIL","sender_item_id":"59ee56d50ee8d"},"time_processed":"2017-10-23T20:53:56Z","errors":{"name":"RECEIVER_UNREGISTERED","message":"Receiver is unregistered","information_link":"https://developer.paypal.com/docs/api/payments.payouts-batch/#errors"},"links":[{"href":"https://api.sandbox.paypal.com/v1/payments/payouts-item/CVARF28TFCZYW","rel":"item","method":"GET"}]}],"links":[{"href":"https://api.sandbox.paypal.com/v1/payments/payouts/RUC6A99U48R52","rel":"self","method":"GET"}]}

================================================================================================================================

